2024-12-05 00:39:03,349 [ERROR] RtosPanel:558 - Can not restore the selected Tab for FREERTOS(A reason can be that the tab is no more available.)
2024-12-05 00:39:09,348 [INFO] NvicIntPanel:101 - NVIC parent = com.st.microxplorer.plugins.ip.nvic.MultiNvicIntPanel[,0,0,0x0,invalid,layout=javax.swing.BoxLayout,alignmentX=0.0,alignmentY=0.0,border=,flags=9,maximumSize=,minimumSize=,preferredSize=]
2024-12-05 00:39:11,551 [INFO] NvicIntPanel:101 - NVIC parent = com.st.microxplorer.plugins.ip.nvic.MultiNvicIntPanel[,0,0,0x0,invalid,layout=javax.swing.BoxLayout,alignmentX=0.0,alignmentY=0.0,border=,flags=9,maximumSize=,minimumSize=,preferredSize=]
2024-12-05 00:39:14,380 [INFO] UtilMem:75 - End SaveConfig() Used Memory: 756591392 Bytes (895483904)
2024-12-05 00:39:16,319 [INFO] UtilMem:75 - End SaveConfig() Used Memory: 785951520 Bytes (895483904)
2024-12-05 00:39:18,222 [INFO] UtilMem:75 - End SaveConfig() Used Memory: 306588680 Bytes (895483904)
2024-12-05 00:39:20,047 [INFO] BlockDiagram:2766 - set Specific Code input for plugin: SPI
2024-12-05 00:39:20,047 [INFO] BlockDiagram:2766 - set Specific Code input for plugin: FREERTOS
2024-12-05 00:39:20,047 [INFO] BlockDiagram:2766 - set Specific Code input for plugin: SYS
2024-12-05 00:39:20,047 [INFO] BlockDiagram:2766 - set Specific Code input for plugin: RCC
2024-12-05 00:39:20,047 [INFO] BlockDiagram:2766 - set Specific Code input for plugin: NVIC
2024-12-05 00:39:20,047 [INFO] BlockDiagram:2766 - set Specific Code input for plugin: UART
2024-12-05 00:39:20,048 [INFO] BlockDiagram:2766 - set Specific Code input for plugin: GPIO
2024-12-05 00:39:20,049 [INFO] CodeGenerator:896 - code generatio: config db path: C:\ST\STM32CubeIDE_1.17.0\STM32CubeIDE\plugins\com.st.stm32cube.common.mx_6.13.0.202411220809\\db\
2024-12-05 00:39:20,224 [INFO] CodeEngine:255 - oldGeneratedFile, C:\Users\User\STM32CubeIDE\workspace_1.17.0\CAN_LCD_SYSTEM\MXTmpFiles\license.tmp_save
2024-12-05 00:39:20,433 [INFO] CodeEngine:279 - Generated code: C:\Users\User\STM32CubeIDE\workspace_1.17.0\CAN_LCD_SYSTEM\MXTmpFiles\license.tmp
2024-12-05 00:39:20,480 [INFO] CodeEngine:255 - oldGeneratedFile, C:\Users\User\STM32CubeIDE\workspace_1.17.0\CAN_LCD_SYSTEM\MXTmpFiles\gpio.tmp_save
2024-12-05 00:39:20,632 [INFO] CodeEngine:279 - Generated code: C:\Users\User\STM32CubeIDE\workspace_1.17.0\CAN_LCD_SYSTEM\MXTmpFiles\gpio.tmp
2024-12-05 00:39:20,789 [INFO] Middleware:1450 - No code input for Bsp Dependency
2024-12-05 00:39:20,822 [INFO] CodeEngine:255 - oldGeneratedFile, C:\Users\User\STM32CubeIDE\workspace_1.17.0\CAN_LCD_SYSTEM\MXTmpFiles\rtos_inc.tmp_save
2024-12-05 00:39:20,937 [INFO] CodeEngine:279 - Generated code: C:\Users\User\STM32CubeIDE\workspace_1.17.0\CAN_LCD_SYSTEM\MXTmpFiles\rtos_inc.tmp
2024-12-05 00:39:20,943 [INFO] CodeEngine:255 - oldGeneratedFile, C:\Users\User\STM32CubeIDE\workspace_1.17.0\CAN_LCD_SYSTEM\MXTmpFiles\rtos_vars.tmp_save
2024-12-05 00:39:21,045 [INFO] CodeEngine:279 - Generated code: C:\Users\User\STM32CubeIDE\workspace_1.17.0\CAN_LCD_SYSTEM\MXTmpFiles\rtos_vars.tmp
2024-12-05 00:39:21,081 [INFO] CodeEngine:255 - oldGeneratedFile, C:\Users\User\STM32CubeIDE\workspace_1.17.0\CAN_LCD_SYSTEM\MXTmpFiles\rtos_pfp.tmp_save
2024-12-05 00:39:21,206 [INFO] CodeEngine:279 - Generated code: C:\Users\User\STM32CubeIDE\workspace_1.17.0\CAN_LCD_SYSTEM\MXTmpFiles\rtos_pfp.tmp
2024-12-05 00:39:21,211 [INFO] CodeEngine:255 - oldGeneratedFile, C:\Users\User\STM32CubeIDE\workspace_1.17.0\CAN_LCD_SYSTEM\MXTmpFiles\rtos_obj_creat.tmp_save
2024-12-05 00:39:21,324 [INFO] CodeEngine:279 - Generated code: C:\Users\User\STM32CubeIDE\workspace_1.17.0\CAN_LCD_SYSTEM\MXTmpFiles\rtos_obj_creat.tmp
2024-12-05 00:39:21,328 [INFO] CodeEngine:255 - oldGeneratedFile, C:\Users\User\STM32CubeIDE\workspace_1.17.0\CAN_LCD_SYSTEM\MXTmpFiles\rtos_kernelStart.tmp_save
2024-12-05 00:39:21,417 [INFO] CodeEngine:279 - Generated code: C:\Users\User\STM32CubeIDE\workspace_1.17.0\CAN_LCD_SYSTEM\MXTmpFiles\rtos_kernelStart.tmp
2024-12-05 00:39:21,424 [INFO] CodeEngine:255 - oldGeneratedFile, C:\Users\User\STM32CubeIDE\workspace_1.17.0\CAN_LCD_SYSTEM\MXTmpFiles\rtos_default_thread.tmp_save
2024-12-05 00:39:21,555 [INFO] CodeEngine:279 - Generated code: C:\Users\User\STM32CubeIDE\workspace_1.17.0\CAN_LCD_SYSTEM\MXTmpFiles\rtos_default_thread.tmp
2024-12-05 00:39:21,584 [INFO] CodeEngine:255 - oldGeneratedFile, C:\Users\User\STM32CubeIDE\workspace_1.17.0\CAN_LCD_SYSTEM\MXTmpFiles\rtos_threads.tmp_save
2024-12-05 00:39:21,694 [INFO] CodeEngine:279 - Generated code: C:\Users\User\STM32CubeIDE\workspace_1.17.0\CAN_LCD_SYSTEM\MXTmpFiles\rtos_threads.tmp
2024-12-05 00:39:21,725 [INFO] Middleware:1450 - No code input for Bsp Dependency
2024-12-05 00:39:21,737 [INFO] CodeEngine:255 - oldGeneratedFile, C:\Users\User\STM32CubeIDE\workspace_1.17.0\CAN_LCD_SYSTEM\MXTmpFiles\rtos_inc.tmp_save
2024-12-05 00:39:21,840 [INFO] CodeEngine:279 - Generated code: C:\Users\User\STM32CubeIDE\workspace_1.17.0\CAN_LCD_SYSTEM\MXTmpFiles\rtos_inc.tmp
2024-12-05 00:39:21,846 [INFO] CodeEngine:255 - oldGeneratedFile, C:\Users\User\STM32CubeIDE\workspace_1.17.0\CAN_LCD_SYSTEM\MXTmpFiles\rtos_vars.tmp_save
2024-12-05 00:39:21,927 [INFO] CodeEngine:279 - Generated code: C:\Users\User\STM32CubeIDE\workspace_1.17.0\CAN_LCD_SYSTEM\MXTmpFiles\rtos_vars.tmp
2024-12-05 00:39:21,934 [INFO] CodeEngine:255 - oldGeneratedFile, C:\Users\User\STM32CubeIDE\workspace_1.17.0\CAN_LCD_SYSTEM\MXTmpFiles\rtos_pfp.tmp_save
2024-12-05 00:39:22,045 [INFO] CodeEngine:279 - Generated code: C:\Users\User\STM32CubeIDE\workspace_1.17.0\CAN_LCD_SYSTEM\MXTmpFiles\rtos_pfp.tmp
2024-12-05 00:39:22,064 [INFO] CodeEngine:255 - oldGeneratedFile, C:\Users\User\STM32CubeIDE\workspace_1.17.0\CAN_LCD_SYSTEM\MXTmpFiles\rtos_obj_creat.tmp_save
2024-12-05 00:39:22,174 [INFO] CodeEngine:279 - Generated code: C:\Users\User\STM32CubeIDE\workspace_1.17.0\CAN_LCD_SYSTEM\MXTmpFiles\rtos_obj_creat.tmp
2024-12-05 00:39:22,189 [INFO] CodeEngine:255 - oldGeneratedFile, C:\Users\User\STM32CubeIDE\workspace_1.17.0\CAN_LCD_SYSTEM\MXTmpFiles\rtos_kernelStart.tmp_save
2024-12-05 00:39:22,272 [INFO] CodeEngine:279 - Generated code: C:\Users\User\STM32CubeIDE\workspace_1.17.0\CAN_LCD_SYSTEM\MXTmpFiles\rtos_kernelStart.tmp
2024-12-05 00:39:22,280 [INFO] CodeEngine:255 - oldGeneratedFile, C:\Users\User\STM32CubeIDE\workspace_1.17.0\CAN_LCD_SYSTEM\MXTmpFiles\rtos_default_thread.tmp_save
2024-12-05 00:39:22,375 [INFO] CodeEngine:279 - Generated code: C:\Users\User\STM32CubeIDE\workspace_1.17.0\CAN_LCD_SYSTEM\MXTmpFiles\rtos_default_thread.tmp
2024-12-05 00:39:22,383 [INFO] CodeEngine:255 - oldGeneratedFile, C:\Users\User\STM32CubeIDE\workspace_1.17.0\CAN_LCD_SYSTEM\MXTmpFiles\rtos_threads.tmp_save
2024-12-05 00:39:22,472 [INFO] CodeEngine:279 - Generated code: C:\Users\User\STM32CubeIDE\workspace_1.17.0\CAN_LCD_SYSTEM\MXTmpFiles\rtos_threads.tmp
2024-12-05 00:39:22,503 [INFO] CodeEngine:255 - oldGeneratedFile, C:\Users\User\STM32CubeIDE\workspace_1.17.0\CAN_LCD_SYSTEM\Core\Inc\FreeRTOSConfig.h_save
2024-12-05 00:39:22,642 [INFO] CodeEngine:279 - Generated code: C:\Users\User\STM32CubeIDE\workspace_1.17.0\CAN_LCD_SYSTEM\Core\Inc\FreeRTOSConfig.h
2024-12-05 00:39:22,663 [INFO] CodeEngine:255 - oldGeneratedFile, C:\Users\User\STM32CubeIDE\workspace_1.17.0\CAN_LCD_SYSTEM\Core\Src\freertos.c_save
2024-12-05 00:39:22,749 [INFO] CodeEngine:279 - Generated code: C:\Users\User\STM32CubeIDE\workspace_1.17.0\CAN_LCD_SYSTEM\Core\Src\freertos.c
2024-12-05 00:39:22,832 [INFO] CodeEngine:255 - oldGeneratedFile, C:\Users\User\STM32CubeIDE\workspace_1.17.0\CAN_LCD_SYSTEM\Core\Src\stm32f4xx_it.c_save
2024-12-05 00:39:23,192 [INFO] CodeEngine:279 - Generated code: C:\Users\User\STM32CubeIDE\workspace_1.17.0\CAN_LCD_SYSTEM\Core\Src\stm32f4xx_it.c
2024-12-05 00:39:23,214 [INFO] CodeEngine:255 - oldGeneratedFile, C:\Users\User\STM32CubeIDE\workspace_1.17.0\CAN_LCD_SYSTEM\Core\Inc\stm32f4xx_it.h_save
2024-12-05 00:39:23,369 [INFO] CodeEngine:279 - Generated code: C:\Users\User\STM32CubeIDE\workspace_1.17.0\CAN_LCD_SYSTEM\Core\Inc\stm32f4xx_it.h
2024-12-05 00:39:23,427 [INFO] CodeEngine:255 - oldGeneratedFile, C:\Users\User\STM32CubeIDE\workspace_1.17.0\CAN_LCD_SYSTEM\Core\Src\stm32f4xx_hal_msp.c_save
2024-12-05 00:39:23,795 [INFO] CodeEngine:279 - Generated code: C:\Users\User\STM32CubeIDE\workspace_1.17.0\CAN_LCD_SYSTEM\Core\Src\stm32f4xx_hal_msp.c
2024-12-05 00:39:23,815 [INFO] CodeEngine:255 - oldGeneratedFile, C:\Users\User\STM32CubeIDE\workspace_1.17.0\CAN_LCD_SYSTEM\MXTmpFiles\system.tmp_save
2024-12-05 00:39:23,909 [INFO] CodeEngine:279 - Generated code: C:\Users\User\STM32CubeIDE\workspace_1.17.0\CAN_LCD_SYSTEM\MXTmpFiles\system.tmp
2024-12-05 00:39:23,939 [INFO] CodeEngine:311 - oldGeneratedFile, C:\Users\User\STM32CubeIDE\workspace_1.17.0\CAN_LCD_SYSTEM\Core\Inc\stm32f4xx_hal_conf.h_save
2024-12-05 00:39:24,110 [INFO] CodeEngine:335 - Generated code: C:\Users\User\STM32CubeIDE\workspace_1.17.0\CAN_LCD_SYSTEM\Core\Inc\stm32f4xx_hal_conf.h
2024-12-05 00:39:24,153 [WARN] IPConfigManager:3034 - Warning: the RefConfig PLL2P_FOR_MCO is not available in your config.xml file
2024-12-05 00:39:24,188 [INFO] CodeEngine:255 - oldGeneratedFile, C:\Users\User\STM32CubeIDE\workspace_1.17.0\CAN_LCD_SYSTEM\Core\Inc\main.h_save
2024-12-05 00:39:24,333 [INFO] CodeEngine:279 - Generated code: C:\Users\User\STM32CubeIDE\workspace_1.17.0\CAN_LCD_SYSTEM\Core\Inc\main.h
2024-12-05 00:39:24,356 [INFO] CodeEngine:255 - oldGeneratedFile, C:\Users\User\STM32CubeIDE\workspace_1.17.0\CAN_LCD_SYSTEM\Core\Src\main.c_save
2024-12-05 00:39:24,577 [INFO] CodeEngine:279 - Generated code: C:\Users\User\STM32CubeIDE\workspace_1.17.0\CAN_LCD_SYSTEM\Core\Src\main.c
2024-12-05 00:39:26,703 [INFO] ProjectBuilder:3289 - Time for Copy HAL[1] : 1727mS.
2024-12-05 00:39:26,709 [INFO] ProjectBuilder:4876 - Project Generator version: 4.5.0-RC5
2024-12-05 00:39:26,879 [INFO] ConfigFileManager:1579 - The Die is : DIE421
2024-12-05 00:39:29,635 [INFO] ProjectBuilder:5154 - Time for Generating toolchain IDE Files: 2926mS.
2024-12-05 00:39:29,636 [INFO] ProjectBuilder:3146 - Time for Copy CMSIS : 1mS.
2024-12-05 00:39:29,667 [INFO] ProjectBuilder:3146 - Time for Copy CMSIS : 0mS.
