2024-12-04 00:37:24,095 [INFO] TasksAndQueuesTab:757 - Dynamic
2024-12-04 00:37:24,217 [WARN] TasksAndQueuesTab:763 - 128 128
2024-12-04 00:37:24,220 [WARN] TasksAndQueuesTab:775 - max value is: 3840.0
2024-12-04 00:37:24,220 [INFO] TasksAndQueuesTab:757 - Dynamic
2024-12-04 00:37:24,220 [WARN] TasksAndQueuesTab:763 - 128 128
2024-12-04 00:37:24,220 [WARN] TasksAndQueuesTab:775 - max value is: 3840.0
2024-12-04 00:37:24,220 [INFO] TasksAndQueuesTab:757 - Dynamic
2024-12-04 00:37:24,220 [WARN] TasksAndQueuesTab:763 - 256 128
2024-12-04 00:37:24,220 [WARN] TasksAndQueuesTab:775 - max value is: 3840.0
2024-12-04 00:37:24,220 [INFO] TasksAndQueuesTab:757 - Dynamic
2024-12-04 00:37:24,220 [WARN] TasksAndQueuesTab:763 - 128 128
2024-12-04 00:37:24,220 [WARN] TasksAndQueuesTab:775 - max value is: 3840.0
2024-12-04 00:37:24,220 [INFO] TasksAndQueuesTab:757 - Dynamic
2024-12-04 00:37:24,220 [WARN] TasksAndQueuesTab:763 - 128 128
2024-12-04 00:37:24,221 [WARN] TasksAndQueuesTab:775 - max value is: 3840.0
2024-12-04 00:42:42,551 [INFO] TasksAndQueuesTab:757 - Dynamic
2024-12-04 00:42:42,551 [WARN] TasksAndQueuesTab:763 - 128 128
2024-12-04 00:42:42,551 [WARN] TasksAndQueuesTab:775 - max value is: 3840.0
2024-12-04 00:42:42,551 [INFO] TasksAndQueuesTab:757 - Dynamic
2024-12-04 00:42:42,552 [WARN] TasksAndQueuesTab:763 - 128 128
2024-12-04 00:42:42,552 [WARN] TasksAndQueuesTab:775 - max value is: 3840.0
2024-12-04 00:42:42,552 [INFO] TasksAndQueuesTab:757 - Dynamic
2024-12-04 00:42:42,552 [WARN] TasksAndQueuesTab:763 - 256 128
2024-12-04 00:42:42,552 [WARN] TasksAndQueuesTab:775 - max value is: 3840.0
2024-12-04 00:42:42,552 [INFO] TasksAndQueuesTab:757 - Dynamic
2024-12-04 00:42:42,552 [WARN] TasksAndQueuesTab:763 - 128 128
2024-12-04 00:42:42,552 [WARN] TasksAndQueuesTab:775 - max value is: 3840.0
2024-12-04 00:42:42,552 [INFO] TasksAndQueuesTab:757 - Dynamic
2024-12-04 00:42:42,552 [WARN] TasksAndQueuesTab:763 - 128 128
2024-12-04 00:42:42,552 [WARN] TasksAndQueuesTab:775 - max value is: 3840.0
2024-12-04 00:43:50,766 [INFO] TasksAndQueuesTab:757 - Dynamic
2024-12-04 00:43:50,766 [WARN] TasksAndQueuesTab:763 - 128 128
2024-12-04 00:43:50,766 [WARN] TasksAndQueuesTab:775 - max value is: 3840.0
2024-12-04 00:43:50,767 [INFO] TasksAndQueuesTab:757 - Dynamic
2024-12-04 00:43:50,767 [WARN] TasksAndQueuesTab:763 - 128 128
2024-12-04 00:43:50,767 [WARN] TasksAndQueuesTab:775 - max value is: 3840.0
2024-12-04 00:43:50,767 [INFO] TasksAndQueuesTab:757 - Dynamic
2024-12-04 00:43:50,767 [WARN] TasksAndQueuesTab:763 - 256 128
2024-12-04 00:43:50,767 [WARN] TasksAndQueuesTab:775 - max value is: 3840.0
2024-12-04 00:43:50,767 [INFO] TasksAndQueuesTab:757 - Dynamic
2024-12-04 00:43:50,768 [WARN] TasksAndQueuesTab:763 - 128 128
2024-12-04 00:43:50,768 [WARN] TasksAndQueuesTab:775 - max value is: 3840.0
2024-12-04 00:43:50,768 [INFO] TasksAndQueuesTab:757 - Dynamic
2024-12-04 00:43:50,768 [WARN] TasksAndQueuesTab:763 - 128 128
2024-12-04 00:43:50,768 [WARN] TasksAndQueuesTab:775 - max value is: 3840.0
2024-12-04 00:50:34,833 [INFO] TasksAndQueuesTab:757 - Dynamic
2024-12-04 00:50:34,834 [WARN] TasksAndQueuesTab:763 - 128 128
2024-12-04 00:50:34,834 [WARN] TasksAndQueuesTab:775 - max value is: 3840.0
2024-12-04 00:50:34,835 [INFO] TasksAndQueuesTab:757 - Dynamic
2024-12-04 00:50:34,835 [WARN] TasksAndQueuesTab:763 - 128 128
2024-12-04 00:50:34,835 [WARN] TasksAndQueuesTab:775 - max value is: 3840.0
2024-12-04 00:50:34,835 [INFO] TasksAndQueuesTab:757 - Dynamic
2024-12-04 00:50:34,836 [WARN] TasksAndQueuesTab:763 - 256 128
2024-12-04 00:50:34,836 [WARN] TasksAndQueuesTab:775 - max value is: 3840.0
2024-12-04 00:50:34,836 [INFO] TasksAndQueuesTab:757 - Dynamic
2024-12-04 00:50:34,837 [WARN] TasksAndQueuesTab:763 - 128 128
2024-12-04 00:50:34,837 [WARN] TasksAndQueuesTab:775 - max value is: 3840.0
2024-12-04 00:50:34,837 [INFO] TasksAndQueuesTab:757 - Dynamic
2024-12-04 00:50:34,839 [WARN] TasksAndQueuesTab:763 - 128 128
2024-12-04 00:50:34,839 [WARN] TasksAndQueuesTab:775 - max value is: 3840.0
2024-12-04 00:50:44,572 [INFO] TasksAndQueuesTab:757 - Dynamic
2024-12-04 00:50:44,572 [WARN] TasksAndQueuesTab:763 - 128 128
2024-12-04 00:50:44,573 [WARN] TasksAndQueuesTab:775 - max value is: 3840.0
2024-12-04 00:50:44,573 [INFO] TasksAndQueuesTab:757 - Dynamic
2024-12-04 00:50:44,573 [WARN] TasksAndQueuesTab:763 - 128 128
2024-12-04 00:50:44,573 [WARN] TasksAndQueuesTab:775 - max value is: 3840.0
2024-12-04 00:50:44,573 [INFO] TasksAndQueuesTab:757 - Dynamic
2024-12-04 00:50:44,573 [WARN] TasksAndQueuesTab:763 - 256 128
2024-12-04 00:50:44,573 [WARN] TasksAndQueuesTab:775 - max value is: 3840.0
2024-12-04 00:50:44,573 [INFO] TasksAndQueuesTab:757 - Dynamic
2024-12-04 00:50:44,573 [WARN] TasksAndQueuesTab:763 - 128 128
2024-12-04 00:50:44,574 [WARN] TasksAndQueuesTab:775 - max value is: 3840.0
2024-12-04 00:50:47,579 [INFO] TasksAndQueuesTab:757 - Dynamic
2024-12-04 00:50:47,580 [WARN] TasksAndQueuesTab:763 - 128 128
2024-12-04 00:50:47,580 [WARN] TasksAndQueuesTab:775 - max value is: 3840.0
2024-12-04 00:50:47,580 [INFO] TasksAndQueuesTab:757 - Dynamic
2024-12-04 00:50:47,580 [WARN] TasksAndQueuesTab:763 - 128 128
2024-12-04 00:50:47,580 [WARN] TasksAndQueuesTab:775 - max value is: 3840.0
2024-12-04 00:50:47,581 [INFO] TasksAndQueuesTab:757 - Dynamic
2024-12-04 00:50:47,581 [WARN] TasksAndQueuesTab:763 - 256 128
2024-12-04 00:50:47,581 [WARN] TasksAndQueuesTab:775 - max value is: 3840.0
2024-12-04 00:50:50,430 [INFO] TasksAndQueuesTab:757 - Dynamic
2024-12-04 00:50:50,430 [WARN] TasksAndQueuesTab:763 - 128 128
2024-12-04 00:50:50,431 [WARN] TasksAndQueuesTab:775 - max value is: 3840.0
2024-12-04 00:50:50,431 [INFO] TasksAndQueuesTab:757 - Dynamic
2024-12-04 00:50:50,431 [WARN] TasksAndQueuesTab:763 - 128 128
2024-12-04 00:50:50,431 [WARN] TasksAndQueuesTab:775 - max value is: 3840.0
2024-12-04 00:50:50,431 [INFO] TasksAndQueuesTab:757 - Dynamic
2024-12-04 00:50:50,431 [WARN] TasksAndQueuesTab:763 - 256 128
2024-12-04 00:50:50,431 [WARN] TasksAndQueuesTab:775 - max value is: 3840.0
2024-12-04 00:50:54,234 [INFO] UtilMem:75 - End SaveConfig() Used Memory: 611897536 Bytes (947912704)
2024-12-04 00:50:56,075 [INFO] UtilMem:75 - End SaveConfig() Used Memory: 639160512 Bytes (947912704)
2024-12-04 00:50:59,741 [INFO] UtilMem:75 - End SaveConfig() Used Memory: 257643816 Bytes (947912704)
2024-12-04 00:51:01,941 [INFO] BlockDiagram:2766 - set Specific Code input for plugin: SPI
2024-12-04 00:51:01,941 [INFO] BlockDiagram:2766 - set Specific Code input for plugin: FREERTOS
2024-12-04 00:51:01,943 [INFO] BlockDiagram:2766 - set Specific Code input for plugin: SYS
2024-12-04 00:51:01,943 [INFO] BlockDiagram:2766 - set Specific Code input for plugin: RCC
2024-12-04 00:51:01,943 [INFO] BlockDiagram:2766 - set Specific Code input for plugin: NVIC
2024-12-04 00:51:01,943 [INFO] BlockDiagram:2766 - set Specific Code input for plugin: UART
2024-12-04 00:51:01,944 [INFO] BlockDiagram:2766 - set Specific Code input for plugin: GPIO
2024-12-04 00:51:01,946 [INFO] CodeGenerator:896 - code generatio: config db path: C:\ST\STM32CubeIDE_1.17.0\STM32CubeIDE\plugins\com.st.stm32cube.common.mx_6.13.0.202411220809\\db\
2024-12-04 00:51:02,499 [INFO] CodeEngine:255 - oldGeneratedFile, C:\Users\User\STM32CubeIDE\workspace_1.17.0\CAN_LCD_SYSTEM\MXTmpFiles\license.tmp_save
2024-12-04 00:51:03,056 [INFO] CodeEngine:279 - Generated code: C:\Users\User\STM32CubeIDE\workspace_1.17.0\CAN_LCD_SYSTEM\MXTmpFiles\license.tmp
2024-12-04 00:51:03,239 [INFO] CodeEngine:255 - oldGeneratedFile, C:\Users\User\STM32CubeIDE\workspace_1.17.0\CAN_LCD_SYSTEM\MXTmpFiles\gpio.tmp_save
2024-12-04 00:51:03,455 [INFO] CodeEngine:279 - Generated code: C:\Users\User\STM32CubeIDE\workspace_1.17.0\CAN_LCD_SYSTEM\MXTmpFiles\gpio.tmp
2024-12-04 00:51:03,830 [INFO] Middleware:1450 - No code input for Bsp Dependency
2024-12-04 00:51:03,850 [INFO] CodeEngine:255 - oldGeneratedFile, C:\Users\User\STM32CubeIDE\workspace_1.17.0\CAN_LCD_SYSTEM\MXTmpFiles\rtos_inc.tmp_save
2024-12-04 00:51:04,010 [INFO] CodeEngine:279 - Generated code: C:\Users\User\STM32CubeIDE\workspace_1.17.0\CAN_LCD_SYSTEM\MXTmpFiles\rtos_inc.tmp
2024-12-04 00:51:04,024 [INFO] CodeEngine:255 - oldGeneratedFile, C:\Users\User\STM32CubeIDE\workspace_1.17.0\CAN_LCD_SYSTEM\MXTmpFiles\rtos_kernelInit.tmp_save
2024-12-04 00:51:04,159 [INFO] CodeEngine:279 - Generated code: C:\Users\User\STM32CubeIDE\workspace_1.17.0\CAN_LCD_SYSTEM\MXTmpFiles\rtos_kernelInit.tmp
2024-12-04 00:51:04,180 [INFO] CodeEngine:255 - oldGeneratedFile, C:\Users\User\STM32CubeIDE\workspace_1.17.0\CAN_LCD_SYSTEM\MXTmpFiles\rtos_kernelStart.tmp_save
2024-12-04 00:51:04,304 [INFO] CodeEngine:279 - Generated code: C:\Users\User\STM32CubeIDE\workspace_1.17.0\CAN_LCD_SYSTEM\MXTmpFiles\rtos_kernelStart.tmp
2024-12-04 00:51:04,320 [INFO] CodeEngine:255 - oldGeneratedFile, C:\Users\User\STM32CubeIDE\workspace_1.17.0\CAN_LCD_SYSTEM\MXTmpFiles\rtos_typedefs.tmp_save
2024-12-04 00:51:04,431 [INFO] CodeEngine:279 - Generated code: C:\Users\User\STM32CubeIDE\workspace_1.17.0\CAN_LCD_SYSTEM\MXTmpFiles\rtos_typedefs.tmp
2024-12-04 00:51:04,449 [INFO] CodeEngine:255 - oldGeneratedFile, C:\Users\User\STM32CubeIDE\workspace_1.17.0\CAN_LCD_SYSTEM\MXTmpFiles\rtos_vars.tmp_save
2024-12-04 00:51:04,592 [INFO] CodeEngine:279 - Generated code: C:\Users\User\STM32CubeIDE\workspace_1.17.0\CAN_LCD_SYSTEM\MXTmpFiles\rtos_vars.tmp
2024-12-04 00:51:04,629 [INFO] CodeEngine:255 - oldGeneratedFile, C:\Users\User\STM32CubeIDE\workspace_1.17.0\CAN_LCD_SYSTEM\MXTmpFiles\rtos_pfp.tmp_save
2024-12-04 00:51:04,759 [INFO] CodeEngine:279 - Generated code: C:\Users\User\STM32CubeIDE\workspace_1.17.0\CAN_LCD_SYSTEM\MXTmpFiles\rtos_pfp.tmp
2024-12-04 00:51:04,778 [INFO] CodeEngine:255 - oldGeneratedFile, C:\Users\User\STM32CubeIDE\workspace_1.17.0\CAN_LCD_SYSTEM\MXTmpFiles\rtos_obj_creat.tmp_save
2024-12-04 00:51:04,908 [INFO] CodeEngine:279 - Generated code: C:\Users\User\STM32CubeIDE\workspace_1.17.0\CAN_LCD_SYSTEM\MXTmpFiles\rtos_obj_creat.tmp
2024-12-04 00:51:04,933 [INFO] CodeEngine:255 - oldGeneratedFile, C:\Users\User\STM32CubeIDE\workspace_1.17.0\CAN_LCD_SYSTEM\MXTmpFiles\rtos_default_thread.tmp_save
2024-12-04 00:51:05,063 [INFO] CodeEngine:279 - Generated code: C:\Users\User\STM32CubeIDE\workspace_1.17.0\CAN_LCD_SYSTEM\MXTmpFiles\rtos_default_thread.tmp
2024-12-04 00:51:05,087 [INFO] CodeEngine:255 - oldGeneratedFile, C:\Users\User\STM32CubeIDE\workspace_1.17.0\CAN_LCD_SYSTEM\MXTmpFiles\rtos_threads.tmp_save
2024-12-04 00:51:05,230 [INFO] CodeEngine:279 - Generated code: C:\Users\User\STM32CubeIDE\workspace_1.17.0\CAN_LCD_SYSTEM\MXTmpFiles\rtos_threads.tmp
2024-12-04 00:51:05,267 [INFO] Middleware:1450 - No code input for Bsp Dependency
2024-12-04 00:51:05,278 [INFO] CodeEngine:255 - oldGeneratedFile, C:\Users\User\STM32CubeIDE\workspace_1.17.0\CAN_LCD_SYSTEM\MXTmpFiles\rtos_inc.tmp_save
2024-12-04 00:51:05,398 [INFO] CodeEngine:279 - Generated code: C:\Users\User\STM32CubeIDE\workspace_1.17.0\CAN_LCD_SYSTEM\MXTmpFiles\rtos_inc.tmp
2024-12-04 00:51:05,405 [INFO] CodeEngine:255 - oldGeneratedFile, C:\Users\User\STM32CubeIDE\workspace_1.17.0\CAN_LCD_SYSTEM\MXTmpFiles\rtos_kernelInit.tmp_save
2024-12-04 00:51:05,494 [INFO] CodeEngine:279 - Generated code: C:\Users\User\STM32CubeIDE\workspace_1.17.0\CAN_LCD_SYSTEM\MXTmpFiles\rtos_kernelInit.tmp
2024-12-04 00:51:05,501 [INFO] CodeEngine:255 - oldGeneratedFile, C:\Users\User\STM32CubeIDE\workspace_1.17.0\CAN_LCD_SYSTEM\MXTmpFiles\rtos_kernelStart.tmp_save
2024-12-04 00:51:05,588 [INFO] CodeEngine:279 - Generated code: C:\Users\User\STM32CubeIDE\workspace_1.17.0\CAN_LCD_SYSTEM\MXTmpFiles\rtos_kernelStart.tmp
2024-12-04 00:51:05,595 [INFO] CodeEngine:255 - oldGeneratedFile, C:\Users\User\STM32CubeIDE\workspace_1.17.0\CAN_LCD_SYSTEM\MXTmpFiles\rtos_typedefs.tmp_save
2024-12-04 00:51:05,681 [INFO] CodeEngine:279 - Generated code: C:\Users\User\STM32CubeIDE\workspace_1.17.0\CAN_LCD_SYSTEM\MXTmpFiles\rtos_typedefs.tmp
2024-12-04 00:51:05,699 [INFO] CodeEngine:255 - oldGeneratedFile, C:\Users\User\STM32CubeIDE\workspace_1.17.0\CAN_LCD_SYSTEM\MXTmpFiles\rtos_vars.tmp_save
2024-12-04 00:51:05,793 [INFO] CodeEngine:279 - Generated code: C:\Users\User\STM32CubeIDE\workspace_1.17.0\CAN_LCD_SYSTEM\MXTmpFiles\rtos_vars.tmp
2024-12-04 00:51:05,802 [INFO] CodeEngine:255 - oldGeneratedFile, C:\Users\User\STM32CubeIDE\workspace_1.17.0\CAN_LCD_SYSTEM\MXTmpFiles\rtos_pfp.tmp_save
2024-12-04 00:51:05,894 [INFO] CodeEngine:279 - Generated code: C:\Users\User\STM32CubeIDE\workspace_1.17.0\CAN_LCD_SYSTEM\MXTmpFiles\rtos_pfp.tmp
2024-12-04 00:51:05,914 [INFO] CodeEngine:255 - oldGeneratedFile, C:\Users\User\STM32CubeIDE\workspace_1.17.0\CAN_LCD_SYSTEM\MXTmpFiles\rtos_obj_creat.tmp_save
2024-12-04 00:51:06,014 [INFO] CodeEngine:279 - Generated code: C:\Users\User\STM32CubeIDE\workspace_1.17.0\CAN_LCD_SYSTEM\MXTmpFiles\rtos_obj_creat.tmp
2024-12-04 00:51:06,023 [INFO] CodeEngine:255 - oldGeneratedFile, C:\Users\User\STM32CubeIDE\workspace_1.17.0\CAN_LCD_SYSTEM\MXTmpFiles\rtos_default_thread.tmp_save
2024-12-04 00:51:06,147 [INFO] CodeEngine:279 - Generated code: C:\Users\User\STM32CubeIDE\workspace_1.17.0\CAN_LCD_SYSTEM\MXTmpFiles\rtos_default_thread.tmp
2024-12-04 00:51:06,155 [INFO] CodeEngine:255 - oldGeneratedFile, C:\Users\User\STM32CubeIDE\workspace_1.17.0\CAN_LCD_SYSTEM\MXTmpFiles\rtos_threads.tmp_save
2024-12-04 00:51:06,280 [INFO] CodeEngine:279 - Generated code: C:\Users\User\STM32CubeIDE\workspace_1.17.0\CAN_LCD_SYSTEM\MXTmpFiles\rtos_threads.tmp
2024-12-04 00:51:06,322 [INFO] CodeEngine:255 - oldGeneratedFile, C:\Users\User\STM32CubeIDE\workspace_1.17.0\CAN_LCD_SYSTEM\Core\Inc\FreeRTOSConfig.h_save
2024-12-04 00:51:06,476 [INFO] CodeEngine:279 - Generated code: C:\Users\User\STM32CubeIDE\workspace_1.17.0\CAN_LCD_SYSTEM\Core\Inc\FreeRTOSConfig.h
2024-12-04 00:51:06,511 [INFO] CodeEngine:255 - oldGeneratedFile, C:\Users\User\STM32CubeIDE\workspace_1.17.0\CAN_LCD_SYSTEM\Core\Src\freertos.c_save
2024-12-04 00:51:06,625 [INFO] CodeEngine:279 - Generated code: C:\Users\User\STM32CubeIDE\workspace_1.17.0\CAN_LCD_SYSTEM\Core\Src\freertos.c
2024-12-04 00:51:06,673 [INFO] CodeEngine:255 - oldGeneratedFile, C:\Users\User\STM32CubeIDE\workspace_1.17.0\CAN_LCD_SYSTEM\Core\Src\stm32f4xx_it.c_save
2024-12-04 00:51:06,903 [INFO] CodeEngine:279 - Generated code: C:\Users\User\STM32CubeIDE\workspace_1.17.0\CAN_LCD_SYSTEM\Core\Src\stm32f4xx_it.c
2024-12-04 00:51:06,923 [INFO] CodeEngine:255 - oldGeneratedFile, C:\Users\User\STM32CubeIDE\workspace_1.17.0\CAN_LCD_SYSTEM\Core\Inc\stm32f4xx_it.h_save
2024-12-04 00:51:07,037 [INFO] CodeEngine:279 - Generated code: C:\Users\User\STM32CubeIDE\workspace_1.17.0\CAN_LCD_SYSTEM\Core\Inc\stm32f4xx_it.h
2024-12-04 00:51:07,103 [INFO] CodeEngine:255 - oldGeneratedFile, C:\Users\User\STM32CubeIDE\workspace_1.17.0\CAN_LCD_SYSTEM\Core\Src\stm32f4xx_hal_msp.c_save
2024-12-04 00:51:07,301 [INFO] CodeEngine:279 - Generated code: C:\Users\User\STM32CubeIDE\workspace_1.17.0\CAN_LCD_SYSTEM\Core\Src\stm32f4xx_hal_msp.c
2024-12-04 00:51:07,318 [INFO] CodeEngine:255 - oldGeneratedFile, C:\Users\User\STM32CubeIDE\workspace_1.17.0\CAN_LCD_SYSTEM\MXTmpFiles\system.tmp_save
2024-12-04 00:51:07,440 [INFO] CodeEngine:279 - Generated code: C:\Users\User\STM32CubeIDE\workspace_1.17.0\CAN_LCD_SYSTEM\MXTmpFiles\system.tmp
2024-12-04 00:51:07,484 [INFO] CodeEngine:311 - oldGeneratedFile, C:\Users\User\STM32CubeIDE\workspace_1.17.0\CAN_LCD_SYSTEM\Core\Inc\stm32f4xx_hal_conf.h_save
2024-12-04 00:51:07,629 [INFO] CodeEngine:335 - Generated code: C:\Users\User\STM32CubeIDE\workspace_1.17.0\CAN_LCD_SYSTEM\Core\Inc\stm32f4xx_hal_conf.h
2024-12-04 00:51:07,677 [WARN] IPConfigManager:3034 - Warning: the RefConfig PLL2P_FOR_MCO is not available in your config.xml file
2024-12-04 00:51:07,688 [INFO] ApiDbMcu:508 - Load IP Config File for SPI1
2024-12-04 00:51:07,692 [INFO] ApiDbMcu:508 - Load IP Config File for UART4
2024-12-04 00:51:07,696 [INFO] ApiDbMcu:508 - Load IP Config File for RCC
2024-12-04 00:51:07,740 [INFO] CodeEngine:255 - oldGeneratedFile, C:\Users\User\STM32CubeIDE\workspace_1.17.0\CAN_LCD_SYSTEM\Core\Inc\main.h_save
2024-12-04 00:51:07,910 [INFO] CodeEngine:279 - Generated code: C:\Users\User\STM32CubeIDE\workspace_1.17.0\CAN_LCD_SYSTEM\Core\Inc\main.h
2024-12-04 00:51:07,944 [INFO] CodeEngine:255 - oldGeneratedFile, C:\Users\User\STM32CubeIDE\workspace_1.17.0\CAN_LCD_SYSTEM\Core\Src\main.c_save
2024-12-04 00:51:08,261 [INFO] CodeEngine:279 - Generated code: C:\Users\User\STM32CubeIDE\workspace_1.17.0\CAN_LCD_SYSTEM\Core\Src\main.c
2024-12-04 00:51:09,319 [INFO] ProjectBuilder:3289 - Time for Copy HAL[1] : 590mS.
2024-12-04 00:51:09,332 [INFO] ProjectBuilder:4876 - Project Generator version: 4.5.0-RC5
2024-12-04 00:51:09,485 [INFO] ConfigFileManager:1579 - The Die is : DIE421
2024-12-04 00:51:09,504 [INFO] ApiDbMcu:508 - Load IP Config File for FATFS
2024-12-04 00:51:09,520 [INFO] ApiDbMcu:508 - Load IP Config File for LIBJPEG
2024-12-04 00:51:09,543 [INFO] ApiDbMcu:508 - Load IP Config File for MBEDTLS
2024-12-04 00:51:09,571 [INFO] ApiDbMcu:508 - Load IP Config File for USB_DEVICE
2024-12-04 00:51:09,589 [INFO] ApiDbMcu:508 - Load IP Config File for USB_HOST
